<?xml version="1.0" encoding="UTF-8"?>
<testsuite xmlns:xsi="http://www.w3.org/2001/XMLSchema-instance" xsi:noNamespaceSchemaLocation="https://maven.apache.org/surefire/maven-surefire-plugin/xsd/surefire-test-report-3.0.xsd" version="3.0" name="CommonTest" time="0.18" tests="9" errors="0" skipped="0" failures="0">
  <properties>
[...]
</properties>
  <testcase name="correctTriangleInt" classname="CommonTest" time="0.028"/>
  <testcase name="correctTriangleDouble" classname="CommonTest" time="0.001"/>
  <testcase name="correctTriangleDouble(int, int, int, double)[1]" classname="CommonTest" time="0.031"/>
  <testcase name="correctTriangleDouble(int, int, int, double)[2]" classname="CommonTest" time="0.002"/>
  <testcase name="correctTriangleDouble(int, int, int, double)[3]" classname="CommonTest" time="0.002"/>
  <testcase name="negativeTest(int, int, int)[1]" classname="CommonTest" time="0.001"/>
  <testcase name="negativeTest(int, int, int)[2]" classname="CommonTest" time="0.001"/>
  <testcase name="negativeTest(int, int, int)[3]" classname="CommonTest" time="0.001"/>
  <testcase name="negativeTest(int, int, int)[4]" classname="CommonTest" time="0.001"/>
</testsuite>